<?xml version="1.0" encoding="UTF-8"?>
<!-- Generated by org.testng.reporters.JUnitXMLReporter -->
<testsuite hostname="LNGDAYV-1040192" ignored="0" name="Test" tests="4" failures="2" timestamp="31 Aug 2020 16:44:13 GMT" time="30.257" errors="0">
  <testcase name="validateHomePageTitleTest" time="0.027" classname="com.qa.tests.HomePageTest">
    <failure type="java.lang.AssertionError" message="CounselLink expected:&amp;lt;CounselLink&amp;gt; but was:&amp;lt;Wrong title&amp;gt;">
      <![CDATA[java.lang.AssertionError: CounselLink expected:<CounselLink> but was:<Wrong title>
at com.qa.tests.HomePageTest.validateHomePageTitleTest(HomePageTest.java:40)
... Removed 26 stack frames]]>
    </failure>
  </testcase> <!-- validateHomePageTitleTest -->
  <testcase name="validateLoginTitleTest" time="0.046" classname="com.qa.tests.LoginPageTest">
    <failure type="java.lang.AssertionError" message="CounselLink expected:&amp;lt;CounselLink&amp;gt; but was:&amp;lt;Wrong title observed&amp;gt;">
      <![CDATA[java.lang.AssertionError: CounselLink expected:<CounselLink> but was:<Wrong title observed>
at com.qa.tests.LoginPageTest.validateLoginTitleTest(LoginPageTest.java:37)
... Removed 26 stack frames]]>
    </failure>
  </testcase> <!-- validateLoginTitleTest -->
  <testcase name="validateLogoTest" time="0.14" classname="com.qa.tests.LoginPageTest"/>
  <testcase name="validateLoginTest" time="0.924" classname="com.qa.tests.LoginPageTest"/>
</testsuite> <!-- Test -->
