<?xml version="1.0" encoding="UTF-8"?>
<!-- Generated by org.testng.reporters.JUnitXMLReporter -->
<testsuite hostname="LNGDAYV-1040192" ignored="0" name="Command line test" tests="4" failures="1" timestamp="06 Sep 2020 17:49:49 GMT" time="27.659" errors="0">
  <testcase name="validateHomePageTitleTest" time="0.025" classname="com.qa.tests.HomePageTest"/>
  <testcase name="validateLoginTitleTest" time="0.048" classname="com.qa.tests.LoginPageTest">
    <failure type="java.lang.AssertionError" message="Wrong title observed expected [CounselLin] but found [CounselLink]">
      <![CDATA[java.lang.AssertionError: Wrong title observed expected [CounselLin] but found [CounselLink]
at com.qa.tests.LoginPageTest.validateLoginTitleTest(LoginPageTest.java:33)
... Removed 40 stack frames]]>
    </failure>
  </testcase> <!-- validateLoginTitleTest -->
  <testcase name="validateLogoTest" time="0.161" classname="com.qa.tests.LoginPageTest"/>
  <testcase name="validateLoginTest" time="0.669" classname="com.qa.tests.LoginPageTest"/>
</testsuite> <!-- Command line test -->
