<?xml version="1.0" encoding="UTF-8"?>
<!-- Generated by org.testng.reporters.JUnitXMLReporter -->
<testsuite hostname="LNGDAYV-1040192" ignored="0" name="Sanity Test" tests="4" failures="1" timestamp="31 Aug 2020 16:52:48 GMT" time="30.168" errors="0">
  <testcase name="validateHomePageTitleTest" time="0.046" classname="com.qa.tests.HomePageTest"/>
  <testcase name="validateLoginTitleTest" time="0.021" classname="com.qa.tests.LoginPageTest">
    <failure type="java.lang.AssertionError" message="Wrong title observed expected [CounselLin] but found [CounselLink]">
      <![CDATA[java.lang.AssertionError: Wrong title observed expected [CounselLin] but found [CounselLink]
at com.qa.tests.LoginPageTest.validateLoginTitleTest(LoginPageTest.java:37)
... Removed 30 stack frames]]>
    </failure>
  </testcase> <!-- validateLoginTitleTest -->
  <testcase name="validateLogoTest" time="0.15" classname="com.qa.tests.LoginPageTest"/>
  <testcase name="validateLoginTest" time="0.952" classname="com.qa.tests.LoginPageTest"/>
</testsuite> <!-- Sanity Test -->
