<?xml version="1.0" encoding="UTF-8" ?>
<testsuite tests="4" failures="1" name="TestSuite" time="0.906" errors="0" skipped="0">
  <properties>
[...]
</properties>
  <testcase classname="com.qa.tests.HomePageTest" name="validateHomePageTitleTest" time="0.024"/>
  <testcase classname="com.qa.tests.LoginPageTest" name="validateLoginTitleTest" time="0.06">
    <failure message="Wrong title observed expected [CounselLin] but found [CounselLink]" type="java.lang.AssertionError">java.lang.AssertionError: Wrong title observed expected [CounselLin] but found [CounselLink]
	at org.testng.Assert.fail(Assert.java:96)
	at org.testng.Assert.failNotEquals(Assert.java:776)
	at org.testng.Assert.assertEqualsImpl(Assert.java:137)
	at org.testng.Assert.assertEquals(Assert.java:118)
	at org.testng.Assert.assertEquals(Assert.java:453)
	at com.qa.tests.LoginPageTest.validateLoginTitleTest(LoginPageTest.java:33)
</failure>
    <system-out>Before navigating to: &apos;https://q7.cl.lexisnexis.com/aui/index.html#/login&apos;
Navigated to:&apos;https://q7.cl.lexisnexis.com/aui/index.html#/login&apos;
</system-out>
    <system-err>Starting ChromeDriver 85.0.4183.87 (cd6713ebf92fa1cacc0f1a598df280093af0c5d7-refs/branch-heads/4183@{#1689}) on port 16307
Only local connections are allowed.
Please see https://chromedriver.chromium.org/security-considerations for suggestions on keeping ChromeDriver safe.
ChromeDriver was started successfully.
Sep 06, 2020 1:49:34 PM org.openqa.selenium.remote.ProtocolHandshake createSession
INFO: Detected dialect: W3C
</system-err>
  </testcase>
  <testcase classname="com.qa.tests.LoginPageTest" name="validateLogoTest" time="0.159"/>
  <testcase classname="com.qa.tests.LoginPageTest" name="validateLoginTest" time="0.663"/>
</testsuite>