<?xml version="1.0" encoding="UTF-8"?>
<testng-results skipped="0" failed="1" ignored="0" total="4" passed="3">
  <reporter-output>
  </reporter-output>
  <suite name="Sanity Suite" duration-ms="26977" started-at="2020-09-07T06:04:32Z" finished-at="2020-09-07T06:04:59Z">
    <groups>
    </groups>
    <test name="Sanity Test" duration-ms="26977" started-at="2020-09-07T06:04:32Z" finished-at="2020-09-07T06:04:59Z">
      <class name="com.qa.tests.HomePageTest">
        <test-method status="PASS" signature="setUp()[pri:0, instance:com.qa.tests.HomePageTest@6a41eaa2]" name="setUp" is-config="true" duration-ms="8245" started-at="2020-09-07T06:04:32Z" finished-at="2020-09-07T06:04:40Z">
          <reporter-output>
          </reporter-output>
        </test-method> <!-- setUp -->
        <test-method status="PASS" signature="validateHomePageTitleTest()[pri:1, instance:com.qa.tests.HomePageTest@6a41eaa2]" name="validateHomePageTitleTest" duration-ms="28" started-at="2020-09-07T06:04:40Z" finished-at="2020-09-07T06:04:40Z">
          <reporter-output>
          </reporter-output>
        </test-method> <!-- validateHomePageTitleTest -->
        <test-method status="PASS" signature="tearDown()[pri:0, instance:com.qa.tests.HomePageTest@6a41eaa2]" name="tearDown" is-config="true" duration-ms="587" started-at="2020-09-07T06:04:40Z" finished-at="2020-09-07T06:04:41Z">
          <reporter-output>
          </reporter-output>
        </test-method> <!-- tearDown -->
      </class> <!-- com.qa.tests.HomePageTest -->
      <class name="com.qa.tests.LoginPageTest">
        <test-method status="PASS" signature="setUp()[pri:0, instance:com.qa.tests.LoginPageTest@7cd62f43]" name="setUp" is-config="true" duration-ms="5650" started-at="2020-09-07T06:04:41Z" finished-at="2020-09-07T06:04:46Z">
          <reporter-output>
          </reporter-output>
        </test-method> <!-- setUp -->
        <test-method status="FAIL" signature="validateLoginTitleTest()[pri:1, instance:com.qa.tests.LoginPageTest@7cd62f43]" name="validateLoginTitleTest" duration-ms="20" started-at="2020-09-07T06:04:46Z" finished-at="2020-09-07T06:04:46Z">
          <exception class="java.lang.AssertionError">
            <message>
              <![CDATA[Wrong title observed expected [CounselLin] but found [CounselLink]]]>
            </message>
            <full-stacktrace>
              <![CDATA[java.lang.AssertionError: Wrong title observed expected [CounselLin] but found [CounselLink]
at org.testng.Assert.fail(Assert.java:96)
at org.testng.Assert.failNotEquals(Assert.java:776)
at org.testng.Assert.assertEqualsImpl(Assert.java:137)
at org.testng.Assert.assertEquals(Assert.java:118)
at org.testng.Assert.assertEquals(Assert.java:453)
at com.qa.tests.LoginPageTest.validateLoginTitleTest(LoginPageTest.java:33)
at sun.reflect.NativeMethodAccessorImpl.invoke0(Native Method)
at sun.reflect.NativeMethodAccessorImpl.invoke(NativeMethodAccessorImpl.java:62)
at sun.reflect.DelegatingMethodAccessorImpl.invoke(DelegatingMethodAccessorImpl.java:43)
at java.lang.reflect.Method.invoke(Method.java:498)
at org.testng.internal.MethodInvocationHelper.invokeMethod(MethodInvocationHelper.java:124)
at org.testng.internal.Invoker.invokeMethod(Invoker.java:583)
at org.testng.internal.Invoker.invokeTestMethod(Invoker.java:719)
at org.testng.internal.Invoker.invokeTestMethods(Invoker.java:989)
at org.testng.internal.TestMethodWorker.invokeTestMethods(TestMethodWorker.java:125)
at org.testng.internal.TestMethodWorker.run(TestMethodWorker.java:109)
at org.testng.TestRunner.privateRun(TestRunner.java:648)
at org.testng.TestRunner.run(TestRunner.java:505)
at org.testng.SuiteRunner.runTest(SuiteRunner.java:455)
at org.testng.SuiteRunner.runSequentially(SuiteRunner.java:450)
at org.testng.SuiteRunner.privateRun(SuiteRunner.java:415)
at org.testng.SuiteRunner.run(SuiteRunner.java:364)
at org.testng.SuiteRunnerWorker.runSuite(SuiteRunnerWorker.java:52)
at org.testng.SuiteRunnerWorker.run(SuiteRunnerWorker.java:84)
at org.testng.TestNG.runSuitesSequentially(TestNG.java:1208)
at org.testng.TestNG.runSuitesLocally(TestNG.java:1137)
at org.testng.TestNG.runSuites(TestNG.java:1049)
at org.testng.TestNG.run(TestNG.java:1017)
at org.testng.remote.AbstractRemoteTestNG.run(AbstractRemoteTestNG.java:115)
at org.testng.remote.RemoteTestNG.initAndRun(RemoteTestNG.java:251)
at org.testng.remote.RemoteTestNG.main(RemoteTestNG.java:77)
]]>
            </full-stacktrace>
          </exception> <!-- java.lang.AssertionError -->
          <reporter-output>
          </reporter-output>
        </test-method> <!-- validateLoginTitleTest -->
        <test-method status="PASS" signature="tearDown()[pri:0, instance:com.qa.tests.LoginPageTest@7cd62f43]" name="tearDown" is-config="true" duration-ms="0" started-at="2020-09-07T06:04:46Z" finished-at="2020-09-07T06:04:46Z">
          <reporter-output>
          </reporter-output>
        </test-method> <!-- tearDown -->
        <test-method status="PASS" signature="setUp()[pri:0, instance:com.qa.tests.LoginPageTest@7cd62f43]" name="setUp" is-config="true" duration-ms="5371" started-at="2020-09-07T06:04:46Z" finished-at="2020-09-07T06:04:52Z">
          <reporter-output>
          </reporter-output>
        </test-method> <!-- setUp -->
        <test-method status="PASS" signature="validateLogoTest()[pri:2, instance:com.qa.tests.LoginPageTest@7cd62f43]" name="validateLogoTest" duration-ms="170" started-at="2020-09-07T06:04:52Z" finished-at="2020-09-07T06:04:52Z">
          <reporter-output>
          </reporter-output>
        </test-method> <!-- validateLogoTest -->
        <test-method status="PASS" signature="tearDown()[pri:0, instance:com.qa.tests.LoginPageTest@7cd62f43]" name="tearDown" is-config="true" duration-ms="0" started-at="2020-09-07T06:04:52Z" finished-at="2020-09-07T06:04:52Z">
          <reporter-output>
          </reporter-output>
        </test-method> <!-- tearDown -->
        <test-method status="PASS" signature="setUp()[pri:0, instance:com.qa.tests.LoginPageTest@7cd62f43]" name="setUp" is-config="true" duration-ms="6229" started-at="2020-09-07T06:04:52Z" finished-at="2020-09-07T06:04:58Z">
          <reporter-output>
          </reporter-output>
        </test-method> <!-- setUp -->
        <test-method status="PASS" signature="validateLoginTest()[pri:3, instance:com.qa.tests.LoginPageTest@7cd62f43]" name="validateLoginTest" duration-ms="594" started-at="2020-09-07T06:04:58Z" finished-at="2020-09-07T06:04:59Z">
          <reporter-output>
          </reporter-output>
        </test-method> <!-- validateLoginTest -->
        <test-method status="PASS" signature="tearDown()[pri:0, instance:com.qa.tests.LoginPageTest@7cd62f43]" name="tearDown" is-config="true" duration-ms="0" started-at="2020-09-07T06:04:59Z" finished-at="2020-09-07T06:04:59Z">
          <reporter-output>
          </reporter-output>
        </test-method> <!-- tearDown -->
      </class> <!-- com.qa.tests.LoginPageTest -->
    </test> <!-- Sanity Test -->
  </suite> <!-- Sanity Suite -->
</testng-results>
